2020-08-21 18:47:39.232 [result ain] ERROR by.epam.shape.reader.DataReader - result 
2020-08-25 00:34:45.467 [file is missingain] ERROR by.epam.shape.reader.DataReader - file is missing
java.io.FileNotFoundException: \init\data.txt (Системе не удается найти указанный путь)
	at java.io.FileInputStream.open0(Native Method) ~[?:1.8.0_231]
	at java.io.FileInputStream.open(FileInputStream.java:195) ~[?:1.8.0_231]
	at java.io.FileInputStream.<init>(FileInputStream.java:138) ~[?:1.8.0_231]
	at java.io.FileInputStream.<init>(FileInputStream.java:93) ~[?:1.8.0_231]
	at java.io.FileReader.<init>(FileReader.java:58) ~[?:1.8.0_231]
	at by.epam.shape.reader.DataReader.readData(DataReader.java:17) [task1/:?]
	at test.by.epam.shape.reader.DataReaderTest.trowShapeException(DataReaderTest.java:36) [task1/:?]
	at sun.reflect.NativeMethodAccessorImpl.invoke0(Native Method) ~[?:1.8.0_231]
	at sun.reflect.NativeMethodAccessorImpl.invoke(NativeMethodAccessorImpl.java:62) ~[?:1.8.0_231]
	at sun.reflect.DelegatingMethodAccessorImpl.invoke(DelegatingMethodAccessorImpl.java:43) ~[?:1.8.0_231]
	at java.lang.reflect.Method.invoke(Method.java:498) ~[?:1.8.0_231]
	at org.testng.internal.MethodInvocationHelper.invokeMethod(MethodInvocationHelper.java:80) [testng-6.7.jar:?]
	at org.testng.internal.Invoker.invokeMethod(Invoker.java:715) [testng-6.7.jar:?]
	at org.testng.internal.Invoker.invokeTestMethod(Invoker.java:907) [testng-6.7.jar:?]
	at org.testng.internal.Invoker.invokeTestMethods(Invoker.java:1237) [testng-6.7.jar:?]
	at org.testng.internal.TestMethodWorker.invokeTestMethods(TestMethodWorker.java:127) [testng-6.7.jar:?]
	at org.testng.internal.TestMethodWorker.run(TestMethodWorker.java:111) [testng-6.7.jar:?]
	at org.testng.TestRunner.privateRun(TestRunner.java:767) [testng-6.7.jar:?]
	at org.testng.TestRunner.run(TestRunner.java:617) [testng-6.7.jar:?]
	at org.testng.SuiteRunner.runTest(SuiteRunner.java:334) [testng-6.7.jar:?]
	at org.testng.SuiteRunner.runSequentially(SuiteRunner.java:329) [testng-6.7.jar:?]
	at org.testng.SuiteRunner.privateRun(SuiteRunner.java:291) [testng-6.7.jar:?]
	at org.testng.SuiteRunner.run(SuiteRunner.java:240) [testng-6.7.jar:?]
	at org.testng.SuiteRunnerWorker.runSuite(SuiteRunnerWorker.java:51) [testng-6.7.jar:?]
	at org.testng.SuiteRunnerWorker.run(SuiteRunnerWorker.java:85) [testng-6.7.jar:?]
	at org.testng.TestNG.runSuitesSequentially(TestNG.java:1197) [testng-6.7.jar:?]
	at org.testng.TestNG.runSuitesLocally(TestNG.java:1122) [testng-6.7.jar:?]
	at org.testng.TestNG.run(TestNG.java:1030) [testng-6.7.jar:?]
	at com.intellij.rt.testng.IDEARemoteTestNG.run(IDEARemoteTestNG.java:66) [testng-rt.jar:?]
	at com.intellij.rt.testng.RemoteTestNGStarter.main(RemoteTestNGStarter.java:110) [testng-rt.jar:?]
2020-08-25 00:39:30.418 [file is missingain] ERROR by.epam.shape.reader.DataReader - file is missing
java.io.FileNotFoundException: \init\data.txt (Системе не удается найти указанный путь)
	at java.io.FileInputStream.open0(Native Method) ~[?:1.8.0_231]
	at java.io.FileInputStream.open(FileInputStream.java:195) ~[?:1.8.0_231]
	at java.io.FileInputStream.<init>(FileInputStream.java:138) ~[?:1.8.0_231]
	at java.io.FileInputStream.<init>(FileInputStream.java:93) ~[?:1.8.0_231]
	at java.io.FileReader.<init>(FileReader.java:58) ~[?:1.8.0_231]
	at by.epam.shape.reader.DataReader.readData(DataReader.java:17) [task1/:?]
	at test.by.epam.shape.reader.DataReaderTest.trowShapeException(DataReaderTest.java:33) [task1/:?]
	at sun.reflect.NativeMethodAccessorImpl.invoke0(Native Method) ~[?:1.8.0_231]
	at sun.reflect.NativeMethodAccessorImpl.invoke(NativeMethodAccessorImpl.java:62) ~[?:1.8.0_231]
	at sun.reflect.DelegatingMethodAccessorImpl.invoke(DelegatingMethodAccessorImpl.java:43) ~[?:1.8.0_231]
	at java.lang.reflect.Method.invoke(Method.java:498) ~[?:1.8.0_231]
	at org.testng.internal.MethodInvocationHelper.invokeMethod(MethodInvocationHelper.java:80) [testng-6.7.jar:?]
	at org.testng.internal.Invoker.invokeMethod(Invoker.java:715) [testng-6.7.jar:?]
	at org.testng.internal.Invoker.invokeTestMethod(Invoker.java:907) [testng-6.7.jar:?]
	at org.testng.internal.Invoker.invokeTestMethods(Invoker.java:1237) [testng-6.7.jar:?]
	at org.testng.internal.TestMethodWorker.invokeTestMethods(TestMethodWorker.java:127) [testng-6.7.jar:?]
	at org.testng.internal.TestMethodWorker.run(TestMethodWorker.java:111) [testng-6.7.jar:?]
	at org.testng.TestRunner.privateRun(TestRunner.java:767) [testng-6.7.jar:?]
	at org.testng.TestRunner.run(TestRunner.java:617) [testng-6.7.jar:?]
	at org.testng.SuiteRunner.runTest(SuiteRunner.java:334) [testng-6.7.jar:?]
	at org.testng.SuiteRunner.runSequentially(SuiteRunner.java:329) [testng-6.7.jar:?]
	at org.testng.SuiteRunner.privateRun(SuiteRunner.java:291) [testng-6.7.jar:?]
	at org.testng.SuiteRunner.run(SuiteRunner.java:240) [testng-6.7.jar:?]
	at org.testng.SuiteRunnerWorker.runSuite(SuiteRunnerWorker.java:51) [testng-6.7.jar:?]
	at org.testng.SuiteRunnerWorker.run(SuiteRunnerWorker.java:85) [testng-6.7.jar:?]
	at org.testng.TestNG.runSuitesSequentially(TestNG.java:1197) [testng-6.7.jar:?]
	at org.testng.TestNG.runSuitesLocally(TestNG.java:1122) [testng-6.7.jar:?]
	at org.testng.TestNG.run(TestNG.java:1030) [testng-6.7.jar:?]
	at com.intellij.rt.testng.IDEARemoteTestNG.run(IDEARemoteTestNG.java:66) [testng-rt.jar:?]
	at com.intellij.rt.testng.RemoteTestNGStarter.main(RemoteTestNGStarter.java:110) [testng-rt.jar:?]
2020-08-25 00:39:44.718 [file is missingain] ERROR by.epam.shape.reader.DataReader - file is missing
java.io.FileNotFoundException: \init\data.txt (Системе не удается найти указанный путь)
	at java.io.FileInputStream.open0(Native Method) ~[?:1.8.0_231]
	at java.io.FileInputStream.open(FileInputStream.java:195) ~[?:1.8.0_231]
	at java.io.FileInputStream.<init>(FileInputStream.java:138) ~[?:1.8.0_231]
	at java.io.FileInputStream.<init>(FileInputStream.java:93) ~[?:1.8.0_231]
	at java.io.FileReader.<init>(FileReader.java:58) ~[?:1.8.0_231]
	at by.epam.shape.reader.DataReader.readData(DataReader.java:17) [task1/:?]
	at test.by.epam.shape.reader.DataReaderTest.trowShapeException(DataReaderTest.java:33) [task1/:?]
	at sun.reflect.NativeMethodAccessorImpl.invoke0(Native Method) ~[?:1.8.0_231]
	at sun.reflect.NativeMethodAccessorImpl.invoke(NativeMethodAccessorImpl.java:62) ~[?:1.8.0_231]
	at sun.reflect.DelegatingMethodAccessorImpl.invoke(DelegatingMethodAccessorImpl.java:43) ~[?:1.8.0_231]
	at java.lang.reflect.Method.invoke(Method.java:498) ~[?:1.8.0_231]
	at org.testng.internal.MethodInvocationHelper.invokeMethod(MethodInvocationHelper.java:80) [testng-6.7.jar:?]
	at org.testng.internal.Invoker.invokeMethod(Invoker.java:715) [testng-6.7.jar:?]
	at org.testng.internal.Invoker.invokeTestMethod(Invoker.java:907) [testng-6.7.jar:?]
	at org.testng.internal.Invoker.invokeTestMethods(Invoker.java:1237) [testng-6.7.jar:?]
	at org.testng.internal.TestMethodWorker.invokeTestMethods(TestMethodWorker.java:127) [testng-6.7.jar:?]
	at org.testng.internal.TestMethodWorker.run(TestMethodWorker.java:111) [testng-6.7.jar:?]
	at org.testng.TestRunner.privateRun(TestRunner.java:767) [testng-6.7.jar:?]
	at org.testng.TestRunner.run(TestRunner.java:617) [testng-6.7.jar:?]
	at org.testng.SuiteRunner.runTest(SuiteRunner.java:334) [testng-6.7.jar:?]
	at org.testng.SuiteRunner.runSequentially(SuiteRunner.java:329) [testng-6.7.jar:?]
	at org.testng.SuiteRunner.privateRun(SuiteRunner.java:291) [testng-6.7.jar:?]
	at org.testng.SuiteRunner.run(SuiteRunner.java:240) [testng-6.7.jar:?]
	at org.testng.SuiteRunnerWorker.runSuite(SuiteRunnerWorker.java:51) [testng-6.7.jar:?]
	at org.testng.SuiteRunnerWorker.run(SuiteRunnerWorker.java:85) [testng-6.7.jar:?]
	at org.testng.TestNG.runSuitesSequentially(TestNG.java:1197) [testng-6.7.jar:?]
	at org.testng.TestNG.runSuitesLocally(TestNG.java:1122) [testng-6.7.jar:?]
	at org.testng.TestNG.run(TestNG.java:1030) [testng-6.7.jar:?]
	at com.intellij.rt.testng.IDEARemoteTestNG.run(IDEARemoteTestNG.java:66) [testng-rt.jar:?]
	at com.intellij.rt.testng.RemoteTestNGStarter.main(RemoteTestNGStarter.java:110) [testng-rt.jar:?]
2020-08-25 00:56:06.655 [file is missingain] ERROR by.epam.shape.reader.DataReader - file is missing
java.io.FileNotFoundException: \init\data.txt (Системе не удается найти указанный путь)
	at java.io.FileInputStream.open0(Native Method) ~[?:1.8.0_231]
	at java.io.FileInputStream.open(FileInputStream.java:195) ~[?:1.8.0_231]
	at java.io.FileInputStream.<init>(FileInputStream.java:138) ~[?:1.8.0_231]
	at java.io.FileInputStream.<init>(FileInputStream.java:93) ~[?:1.8.0_231]
	at java.io.FileReader.<init>(FileReader.java:58) ~[?:1.8.0_231]
	at by.epam.shape.reader.DataReader.readData(DataReader.java:17) [task1/:?]
	at test.by.epam.shape.reader.DataReaderTest.trowShapeException(DataReaderTest.java:32) [task1/:?]
	at sun.reflect.NativeMethodAccessorImpl.invoke0(Native Method) ~[?:1.8.0_231]
	at sun.reflect.NativeMethodAccessorImpl.invoke(NativeMethodAccessorImpl.java:62) ~[?:1.8.0_231]
	at sun.reflect.DelegatingMethodAccessorImpl.invoke(DelegatingMethodAccessorImpl.java:43) ~[?:1.8.0_231]
	at java.lang.reflect.Method.invoke(Method.java:498) ~[?:1.8.0_231]
	at org.testng.internal.MethodInvocationHelper.invokeMethod(MethodInvocationHelper.java:80) [testng-6.7.jar:?]
	at org.testng.internal.Invoker.invokeMethod(Invoker.java:715) [testng-6.7.jar:?]
	at org.testng.internal.Invoker.invokeTestMethod(Invoker.java:907) [testng-6.7.jar:?]
	at org.testng.internal.Invoker.invokeTestMethods(Invoker.java:1237) [testng-6.7.jar:?]
	at org.testng.internal.TestMethodWorker.invokeTestMethods(TestMethodWorker.java:127) [testng-6.7.jar:?]
	at org.testng.internal.TestMethodWorker.run(TestMethodWorker.java:111) [testng-6.7.jar:?]
	at org.testng.TestRunner.privateRun(TestRunner.java:767) [testng-6.7.jar:?]
	at org.testng.TestRunner.run(TestRunner.java:617) [testng-6.7.jar:?]
	at org.testng.SuiteRunner.runTest(SuiteRunner.java:334) [testng-6.7.jar:?]
	at org.testng.SuiteRunner.runSequentially(SuiteRunner.java:329) [testng-6.7.jar:?]
	at org.testng.SuiteRunner.privateRun(SuiteRunner.java:291) [testng-6.7.jar:?]
	at org.testng.SuiteRunner.run(SuiteRunner.java:240) [testng-6.7.jar:?]
	at org.testng.SuiteRunnerWorker.runSuite(SuiteRunnerWorker.java:51) [testng-6.7.jar:?]
	at org.testng.SuiteRunnerWorker.run(SuiteRunnerWorker.java:85) [testng-6.7.jar:?]
	at org.testng.TestNG.runSuitesSequentially(TestNG.java:1197) [testng-6.7.jar:?]
	at org.testng.TestNG.runSuitesLocally(TestNG.java:1122) [testng-6.7.jar:?]
	at org.testng.TestNG.run(TestNG.java:1030) [testng-6.7.jar:?]
	at com.intellij.rt.testng.IDEARemoteTestNG.run(IDEARemoteTestNG.java:66) [testng-rt.jar:?]
	at com.intellij.rt.testng.RemoteTestNGStarter.main(RemoteTestNGStarter.java:110) [testng-rt.jar:?]
2020-08-25 01:05:27.726 [file is missingain] ERROR by.epam.shape.reader.DataReader - file is missing
java.io.FileNotFoundException: \init\data.txt (Системе не удается найти указанный путь)
	at java.io.FileInputStream.open0(Native Method) ~[?:1.8.0_231]
	at java.io.FileInputStream.open(FileInputStream.java:195) ~[?:1.8.0_231]
	at java.io.FileInputStream.<init>(FileInputStream.java:138) ~[?:1.8.0_231]
	at java.io.FileInputStream.<init>(FileInputStream.java:93) ~[?:1.8.0_231]
	at java.io.FileReader.<init>(FileReader.java:58) ~[?:1.8.0_231]
	at by.epam.shape.reader.DataReader.readData(DataReader.java:17) [task1/:?]
	at test.by.epam.shape.reader.DataReaderTest.trowShapeException(DataReaderTest.java:32) [task1/:?]
	at sun.reflect.NativeMethodAccessorImpl.invoke0(Native Method) ~[?:1.8.0_231]
	at sun.reflect.NativeMethodAccessorImpl.invoke(NativeMethodAccessorImpl.java:62) ~[?:1.8.0_231]
	at sun.reflect.DelegatingMethodAccessorImpl.invoke(DelegatingMethodAccessorImpl.java:43) ~[?:1.8.0_231]
	at java.lang.reflect.Method.invoke(Method.java:498) ~[?:1.8.0_231]
	at org.testng.internal.MethodInvocationHelper.invokeMethod(MethodInvocationHelper.java:80) [testng-6.7.jar:?]
	at org.testng.internal.Invoker.invokeMethod(Invoker.java:715) [testng-6.7.jar:?]
	at org.testng.internal.Invoker.invokeTestMethod(Invoker.java:907) [testng-6.7.jar:?]
	at org.testng.internal.Invoker.invokeTestMethods(Invoker.java:1237) [testng-6.7.jar:?]
	at org.testng.internal.TestMethodWorker.invokeTestMethods(TestMethodWorker.java:127) [testng-6.7.jar:?]
	at org.testng.internal.TestMethodWorker.run(TestMethodWorker.java:111) [testng-6.7.jar:?]
	at org.testng.TestRunner.privateRun(TestRunner.java:767) [testng-6.7.jar:?]
	at org.testng.TestRunner.run(TestRunner.java:617) [testng-6.7.jar:?]
	at org.testng.SuiteRunner.runTest(SuiteRunner.java:334) [testng-6.7.jar:?]
	at org.testng.SuiteRunner.runSequentially(SuiteRunner.java:329) [testng-6.7.jar:?]
	at org.testng.SuiteRunner.privateRun(SuiteRunner.java:291) [testng-6.7.jar:?]
	at org.testng.SuiteRunner.run(SuiteRunner.java:240) [testng-6.7.jar:?]
	at org.testng.SuiteRunnerWorker.runSuite(SuiteRunnerWorker.java:51) [testng-6.7.jar:?]
	at org.testng.SuiteRunnerWorker.run(SuiteRunnerWorker.java:85) [testng-6.7.jar:?]
	at org.testng.TestNG.runSuitesSequentially(TestNG.java:1197) [testng-6.7.jar:?]
	at org.testng.TestNG.runSuitesLocally(TestNG.java:1122) [testng-6.7.jar:?]
	at org.testng.TestNG.run(TestNG.java:1030) [testng-6.7.jar:?]
	at com.intellij.rt.testng.IDEARemoteTestNG.run(IDEARemoteTestNG.java:66) [testng-rt.jar:?]
	at com.intellij.rt.testng.RemoteTestNGStarter.main(RemoteTestNGStarter.java:110) [testng-rt.jar:?]
2020-08-25 03:07:52.913 [file is missingain] ERROR by.epam.shape.reader.DataReader - file is missing
java.io.FileNotFoundException: \init\data.txt (Системе не удается найти указанный путь)
	at java.io.FileInputStream.open0(Native Method) ~[?:1.8.0_231]
	at java.io.FileInputStream.open(FileInputStream.java:195) ~[?:1.8.0_231]
	at java.io.FileInputStream.<init>(FileInputStream.java:138) ~[?:1.8.0_231]
	at java.io.FileInputStream.<init>(FileInputStream.java:93) ~[?:1.8.0_231]
	at java.io.FileReader.<init>(FileReader.java:58) ~[?:1.8.0_231]
	at by.epam.shape.reader.DataReader.readData(DataReader.java:19) [task1/:?]
	at test.by.epam.shape.reader.DataReaderTest.trowShapeException(DataReaderTest.java:32) [task1/:?]
	at sun.reflect.NativeMethodAccessorImpl.invoke0(Native Method) ~[?:1.8.0_231]
	at sun.reflect.NativeMethodAccessorImpl.invoke(NativeMethodAccessorImpl.java:62) ~[?:1.8.0_231]
	at sun.reflect.DelegatingMethodAccessorImpl.invoke(DelegatingMethodAccessorImpl.java:43) ~[?:1.8.0_231]
	at java.lang.reflect.Method.invoke(Method.java:498) ~[?:1.8.0_231]
	at org.testng.internal.MethodInvocationHelper.invokeMethod(MethodInvocationHelper.java:80) [testng-6.7.jar:?]
	at org.testng.internal.Invoker.invokeMethod(Invoker.java:715) [testng-6.7.jar:?]
	at org.testng.internal.Invoker.invokeTestMethod(Invoker.java:907) [testng-6.7.jar:?]
	at org.testng.internal.Invoker.invokeTestMethods(Invoker.java:1237) [testng-6.7.jar:?]
	at org.testng.internal.TestMethodWorker.invokeTestMethods(TestMethodWorker.java:127) [testng-6.7.jar:?]
	at org.testng.internal.TestMethodWorker.run(TestMethodWorker.java:111) [testng-6.7.jar:?]
	at org.testng.TestRunner.privateRun(TestRunner.java:767) [testng-6.7.jar:?]
	at org.testng.TestRunner.run(TestRunner.java:617) [testng-6.7.jar:?]
	at org.testng.SuiteRunner.runTest(SuiteRunner.java:334) [testng-6.7.jar:?]
	at org.testng.SuiteRunner.runSequentially(SuiteRunner.java:329) [testng-6.7.jar:?]
	at org.testng.SuiteRunner.privateRun(SuiteRunner.java:291) [testng-6.7.jar:?]
	at org.testng.SuiteRunner.run(SuiteRunner.java:240) [testng-6.7.jar:?]
	at org.testng.SuiteRunnerWorker.runSuite(SuiteRunnerWorker.java:51) [testng-6.7.jar:?]
	at org.testng.SuiteRunnerWorker.run(SuiteRunnerWorker.java:85) [testng-6.7.jar:?]
	at org.testng.TestNG.runSuitesSequentially(TestNG.java:1197) [testng-6.7.jar:?]
	at org.testng.TestNG.runSuitesLocally(TestNG.java:1122) [testng-6.7.jar:?]
	at org.testng.TestNG.run(TestNG.java:1030) [testng-6.7.jar:?]
	at com.intellij.rt.testng.IDEARemoteTestNG.run(IDEARemoteTestNG.java:66) [testng-rt.jar:?]
	at com.intellij.rt.testng.RemoteTestNGStarter.main(RemoteTestNGStarter.java:110) [testng-rt.jar:?]
2020-08-25 12:29:14.351 [file is missingain] ERROR by.epam.shape.reader.DataReader - file is missing
java.io.FileNotFoundException: \init\data.txt (Системе не удается найти указанный путь)
	at java.io.FileInputStream.open0(Native Method) ~[?:1.8.0_231]
	at java.io.FileInputStream.open(FileInputStream.java:195) ~[?:1.8.0_231]
	at java.io.FileInputStream.<init>(FileInputStream.java:138) ~[?:1.8.0_231]
	at java.io.FileInputStream.<init>(FileInputStream.java:93) ~[?:1.8.0_231]
	at java.io.FileReader.<init>(FileReader.java:58) ~[?:1.8.0_231]
	at by.epam.shape.reader.DataReader.readData(DataReader.java:19) [task1/:?]
	at test.by.epam.shape.reader.DataReaderTest.trowShapeException(DataReaderTest.java:32) [task1/:?]
	at sun.reflect.NativeMethodAccessorImpl.invoke0(Native Method) ~[?:1.8.0_231]
	at sun.reflect.NativeMethodAccessorImpl.invoke(NativeMethodAccessorImpl.java:62) ~[?:1.8.0_231]
	at sun.reflect.DelegatingMethodAccessorImpl.invoke(DelegatingMethodAccessorImpl.java:43) ~[?:1.8.0_231]
	at java.lang.reflect.Method.invoke(Method.java:498) ~[?:1.8.0_231]
	at org.testng.internal.MethodInvocationHelper.invokeMethod(MethodInvocationHelper.java:80) [testng-6.7.jar:?]
	at org.testng.internal.Invoker.invokeMethod(Invoker.java:715) [testng-6.7.jar:?]
	at org.testng.internal.Invoker.invokeTestMethod(Invoker.java:907) [testng-6.7.jar:?]
	at org.testng.internal.Invoker.invokeTestMethods(Invoker.java:1237) [testng-6.7.jar:?]
	at org.testng.internal.TestMethodWorker.invokeTestMethods(TestMethodWorker.java:127) [testng-6.7.jar:?]
	at org.testng.internal.TestMethodWorker.run(TestMethodWorker.java:111) [testng-6.7.jar:?]
	at org.testng.TestRunner.privateRun(TestRunner.java:767) [testng-6.7.jar:?]
	at org.testng.TestRunner.run(TestRunner.java:617) [testng-6.7.jar:?]
	at org.testng.SuiteRunner.runTest(SuiteRunner.java:334) [testng-6.7.jar:?]
	at org.testng.SuiteRunner.runSequentially(SuiteRunner.java:329) [testng-6.7.jar:?]
	at org.testng.SuiteRunner.privateRun(SuiteRunner.java:291) [testng-6.7.jar:?]
	at org.testng.SuiteRunner.run(SuiteRunner.java:240) [testng-6.7.jar:?]
	at org.testng.SuiteRunnerWorker.runSuite(SuiteRunnerWorker.java:51) [testng-6.7.jar:?]
	at org.testng.SuiteRunnerWorker.run(SuiteRunnerWorker.java:85) [testng-6.7.jar:?]
	at org.testng.TestNG.runSuitesSequentially(TestNG.java:1197) [testng-6.7.jar:?]
	at org.testng.TestNG.runSuitesLocally(TestNG.java:1122) [testng-6.7.jar:?]
	at org.testng.TestNG.run(TestNG.java:1030) [testng-6.7.jar:?]
	at com.intellij.rt.testng.IDEARemoteTestNG.run(IDEARemoteTestNG.java:66) [testng-rt.jar:?]
	at com.intellij.rt.testng.RemoteTestNGStarter.main(RemoteTestNGStarter.java:110) [testng-rt.jar:?]
2020-08-25 12:31:10.940 [file is missingain] ERROR by.epam.shape.reader.DataReader - file is missing
java.io.FileNotFoundException: \init\data.txt (Системе не удается найти указанный путь)
	at java.io.FileInputStream.open0(Native Method) ~[?:1.8.0_231]
	at java.io.FileInputStream.open(FileInputStream.java:195) ~[?:1.8.0_231]
	at java.io.FileInputStream.<init>(FileInputStream.java:138) ~[?:1.8.0_231]
	at java.io.FileInputStream.<init>(FileInputStream.java:93) ~[?:1.8.0_231]
	at java.io.FileReader.<init>(FileReader.java:58) ~[?:1.8.0_231]
	at by.epam.shape.reader.DataReader.readData(DataReader.java:19) [task1/:?]
	at test.by.epam.shape.reader.DataReaderTest.trowShapeException(DataReaderTest.java:32) [task1/:?]
	at sun.reflect.NativeMethodAccessorImpl.invoke0(Native Method) ~[?:1.8.0_231]
	at sun.reflect.NativeMethodAccessorImpl.invoke(NativeMethodAccessorImpl.java:62) ~[?:1.8.0_231]
	at sun.reflect.DelegatingMethodAccessorImpl.invoke(DelegatingMethodAccessorImpl.java:43) ~[?:1.8.0_231]
	at java.lang.reflect.Method.invoke(Method.java:498) ~[?:1.8.0_231]
	at org.testng.internal.MethodInvocationHelper.invokeMethod(MethodInvocationHelper.java:80) [testng-6.7.jar:?]
	at org.testng.internal.Invoker.invokeMethod(Invoker.java:715) [testng-6.7.jar:?]
	at org.testng.internal.Invoker.invokeTestMethod(Invoker.java:907) [testng-6.7.jar:?]
	at org.testng.internal.Invoker.invokeTestMethods(Invoker.java:1237) [testng-6.7.jar:?]
	at org.testng.internal.TestMethodWorker.invokeTestMethods(TestMethodWorker.java:127) [testng-6.7.jar:?]
	at org.testng.internal.TestMethodWorker.run(TestMethodWorker.java:111) [testng-6.7.jar:?]
	at org.testng.TestRunner.privateRun(TestRunner.java:767) [testng-6.7.jar:?]
	at org.testng.TestRunner.run(TestRunner.java:617) [testng-6.7.jar:?]
	at org.testng.SuiteRunner.runTest(SuiteRunner.java:334) [testng-6.7.jar:?]
	at org.testng.SuiteRunner.runSequentially(SuiteRunner.java:329) [testng-6.7.jar:?]
	at org.testng.SuiteRunner.privateRun(SuiteRunner.java:291) [testng-6.7.jar:?]
	at org.testng.SuiteRunner.run(SuiteRunner.java:240) [testng-6.7.jar:?]
	at org.testng.SuiteRunnerWorker.runSuite(SuiteRunnerWorker.java:51) [testng-6.7.jar:?]
	at org.testng.SuiteRunnerWorker.run(SuiteRunnerWorker.java:85) [testng-6.7.jar:?]
	at org.testng.TestNG.runSuitesSequentially(TestNG.java:1197) [testng-6.7.jar:?]
	at org.testng.TestNG.runSuitesLocally(TestNG.java:1122) [testng-6.7.jar:?]
	at org.testng.TestNG.run(TestNG.java:1030) [testng-6.7.jar:?]
	at com.intellij.rt.testng.IDEARemoteTestNG.run(IDEARemoteTestNG.java:66) [testng-rt.jar:?]
	at com.intellij.rt.testng.RemoteTestNGStarter.main(RemoteTestNGStarter.java:110) [testng-rt.jar:?]
